<?xml version="1.0" encoding="UTF-8"?>
<!-- Generated by org.testng.reporters.JUnitXMLReporter -->
<testsuite ignored="0" hostname="LAPTOP-M6AT9IKR" failures="0" tests="3" name="Default test" time="12.962" errors="0" timestamp="2022-04-28T11:43:05 IST">
  <testcase classname="com.qa.logintestt.DashBoardTestCase" name="verifySeleniumPage" time="0.151"/>
  <testcase classname="com.qa.logintestt.DashBoardTestCase" name="verifyOperatorPage" time="0.037"/>
  <testcase classname="com.qa.logintestt.DashBoardTestCase" name="verifyLogoff" time="0.239"/>
</testsuite> <!-- Default test -->
